<?xml version="1.0" encoding="UTF-8"?>
<!-- Generated by org.testng.reporters.JUnitXMLReporter -->
<testsuite ignored="0" hostname="DESKTOP-6MESNTB" failures="0" tests="4" name="simpletestcaseValidation" time="123.266" errors="0" timestamp="2019-12-06T16:39:18 IST">
  <testcase classname="com.training.simple.test.LostMyPasswordTest" name="SendingMessage" time="14.745"/>
  <testcase classname="com.training.simple.test.StudentloginTest" name="ClickingSignin" time="12.993"/>
  <testcase classname="com.training.simple.test.EditMyProfileTest" name="SaveSettings" time="4.079"/>
  <testcase classname="com.training.simple.test.SignupTest" name="VerifyRegistration" time="3.538"/>
</testsuite> <!-- simpletestcaseValidation -->
