<?xml version="1.0" encoding="UTF-8"?>
<!-- Generated by org.testng.reporters.JUnitXMLReporter -->
<testsuite ignored="2" hostname="DESKTOP-6MESNTB" failures="0" tests="1" name="Default test" time="28.972" errors="0" timestamp="2019-12-05T22:10:44 IST">
  <testcase classname="com.training.complex.tests.ELTC_Complex_FourthTC" name="PerformAdminTask" time="11.809"/>
  <testcase classname="com.training.complex.tests.ELTC_Complex_FourthTC" name="PerformStudentTask" time="0.0">
    <ignored/>
  </testcase> <!-- PerformStudentTask -->
  <testcase classname="com.training.complex.tests.ELTC_Complex_FourthTC" name="PerformTeacherTask" time="0.0">
    <ignored/>
  </testcase> <!-- PerformTeacherTask -->
</testsuite> <!-- Default test -->
